#! /usr/share/iverilog-0.10.0/bin/vvp
:ivl_version "0.10.0 (devel)" "(v0_9_6)";
:ivl_delay_selection "TYPICAL";
:vpi_time_precision - 12;
:vpi_module "system";
:vpi_module "vhdl_sys";
:vpi_module "v2005_math";
:vpi_module "va_math";
:vpi_module "v2009";
S_0xf03850 .scope module, "BCD_tb" "BCD_tb" 2 2;
 .timescale -9 -12;
P_0xf039d0 .param/real "DUTY_CYCLE" 0 2 10, Cr<m4000000000000000gfc1>; value=0.500000
P_0xf03a10 .param/l "OFFSET" 0 2 11, +C4<0>;
P_0xf03a50 .param/l "PERIOD" 0 2 9, +C4<01010>;
v0xf1e970_0 .var "Din", 3 0;
v0xf1ea50_0 .var "Load", 0 0;
v0xf1eb20_0 .net "Q_out", 7 0, v0xf1e620_0;  1 drivers
v0xf1ec20_0 .var "clk", 0 0;
v0xf1ecf0_0 .var "rst_n", 0 0;
S_0xf088c0 .scope module, "BCD_tb" "BCD" 2 12, 3 1 0, S_0xf03850;
 .timescale 0 0;
    .port_info 0 /INPUT 1 "clk"
    .port_info 1 /INPUT 1 "rst_syn"
    .port_info 2 /INPUT 1 "Load"
    .port_info 3 /INPUT 4 "Din"
    .port_info 4 /OUTPUT 8 "Q_out"
v0xf08b10_0 .net "Din", 3 0, v0xf1e970_0;  1 drivers
v0xf1e470_0 .net "Load", 0 0, v0xf1ea50_0;  1 drivers
v0xf1e530_0 .var "Q", 3 0;
v0xf1e620_0 .var "Q_out", 7 0;
v0xf1e700_0 .net "clk", 0 0, v0xf1ec20_0;  1 drivers
v0xf1e810_0 .net "rst_syn", 0 0, v0xf1ecf0_0;  1 drivers
E_0xf09270 .event edge, v0xf1e530_0;
E_0xf08eb0 .event posedge, v0xf1e700_0;
    .scope S_0xf088c0;
T_0 ;
    %wait E_0xf08eb0;
    %load/v 8, v0xf1e810_0, 1;
    %inv 8, 1;
    %jmp/0xz  T_0.0, 8;
    %set/v v0xf1e530_0, 0, 4;
    %jmp T_0.1;
T_0.0 ;
    %load/v 8, v0xf1e470_0, 1;
    %jmp/0xz  T_0.2, 8;
    %load/v 8, v0xf08b10_0, 4;
    %set/v v0xf1e530_0, 8, 4;
    %jmp T_0.3;
T_0.2 ;
    %load/v 8, v0xf1e530_0, 4;
    %pad 12, 0, 2;
    %cmpi/u 8, 9, 6;
    %jmp/0xz  T_0.4, 4;
    %set/v v0xf1e530_0, 0, 4;
    %jmp T_0.5;
T_0.4 ;
    %ix/load 0, 1, 0;
    %load/vp0 8, v0xf1e530_0, 4;
    %set/v v0xf1e530_0, 8, 4;
T_0.5 ;
T_0.3 ;
T_0.1 ;
    %jmp T_0;
    .thread T_0;
    .scope S_0xf088c0;
T_1 ;
    %wait E_0xf09270;
    %load/v 8, v0xf1e530_0, 4;
    %cmpi/u 8, 0, 4;
    %jmp/1 T_1.0, 6;
    %cmpi/u 8, 1, 4;
    %jmp/1 T_1.1, 6;
    %cmpi/u 8, 2, 4;
    %jmp/1 T_1.2, 6;
    %cmpi/u 8, 3, 4;
    %jmp/1 T_1.3, 6;
    %cmpi/u 8, 4, 4;
    %jmp/1 T_1.4, 6;
    %cmpi/u 8, 5, 4;
    %jmp/1 T_1.5, 6;
    %cmpi/u 8, 6, 4;
    %jmp/1 T_1.6, 6;
    %cmpi/u 8, 7, 4;
    %jmp/1 T_1.7, 6;
    %cmpi/u 8, 8, 4;
    %jmp/1 T_1.8, 6;
    %cmpi/u 8, 9, 4;
    %jmp/1 T_1.9, 6;
    %cmpi/u 8, 10, 4;
    %jmp/1 T_1.10, 6;
    %cmpi/u 8, 11, 4;
    %jmp/1 T_1.11, 6;
    %cmpi/u 8, 12, 4;
    %jmp/1 T_1.12, 6;
    %cmpi/u 8, 13, 4;
    %jmp/1 T_1.13, 6;
    %cmpi/u 8, 14, 4;
    %jmp/1 T_1.14, 6;
    %cmpi/u 8, 15, 4;
    %jmp/1 T_1.15, 6;
    %set/v v0xf1e620_0, 1, 8;
    %jmp T_1.17;
T_1.0 ;
    %movi 8, 192, 8;
    %set/v v0xf1e620_0, 8, 8;
    %jmp T_1.17;
T_1.1 ;
    %movi 8, 249, 8;
    %set/v v0xf1e620_0, 8, 8;
    %jmp T_1.17;
T_1.2 ;
    %movi 8, 164, 8;
    %set/v v0xf1e620_0, 8, 8;
    %jmp T_1.17;
T_1.3 ;
    %movi 8, 176, 8;
    %set/v v0xf1e620_0, 8, 8;
    %jmp T_1.17;
T_1.4 ;
    %movi 8, 153, 8;
    %set/v v0xf1e620_0, 8, 8;
    %jmp T_1.17;
T_1.5 ;
    %movi 8, 146, 8;
    %set/v v0xf1e620_0, 8, 8;
    %jmp T_1.17;
T_1.6 ;
    %movi 8, 130, 8;
    %set/v v0xf1e620_0, 8, 8;
    %jmp T_1.17;
T_1.7 ;
    %movi 8, 248, 8;
    %set/v v0xf1e620_0, 8, 8;
    %jmp T_1.17;
T_1.8 ;
    %movi 8, 128, 8;
    %set/v v0xf1e620_0, 8, 8;
    %jmp T_1.17;
T_1.9 ;
    %movi 8, 144, 8;
    %set/v v0xf1e620_0, 8, 8;
    %jmp T_1.17;
T_1.10 ;
    %movi 8, 160, 8;
    %set/v v0xf1e620_0, 8, 8;
    %jmp T_1.17;
T_1.11 ;
    %movi 8, 131, 8;
    %set/v v0xf1e620_0, 8, 8;
    %jmp T_1.17;
T_1.12 ;
    %movi 8, 167, 8;
    %set/v v0xf1e620_0, 8, 8;
    %jmp T_1.17;
T_1.13 ;
    %movi 8, 161, 8;
    %set/v v0xf1e620_0, 8, 8;
    %jmp T_1.17;
T_1.14 ;
    %movi 8, 132, 8;
    %set/v v0xf1e620_0, 8, 8;
    %jmp T_1.17;
T_1.15 ;
    %movi 8, 241, 8;
    %set/v v0xf1e620_0, 8, 8;
    %jmp T_1.17;
T_1.17 ;
    %jmp T_1;
    .thread T_1, $push;
    .scope S_0xf03850;
T_2 ;
    %delay 0, 0;
T_2.0 ;
    %movi 8, 5, 4;
    %set/v v0xf1e970_0, 8, 4;
    %set/v v0xf1ec20_0, 0, 1;
    %delay 5000, 0;
    %set/v v0xf1ec20_0, 1, 1;
    %delay 5000, 0;
    %jmp T_2.0;
    %end;
    .thread T_2;
    .scope S_0xf03850;
T_3 ;
    %set/v v0xf1ea50_0, 0, 1;
    %set/v v0xf1ecf0_0, 0, 1;
    %delay 10000, 0;
    %set/v v0xf1ecf0_0, 1, 1;
    %delay 150000, 0;
    %set/v v0xf1ecf0_0, 0, 1;
    %delay 10000, 0;
    %set/v v0xf1ecf0_0, 1, 1;
    %delay 20000, 0;
    %set/v v0xf1ea50_0, 1, 1;
    %delay 10000, 0;
    %set/v v0xf1ea50_0, 0, 1;
    %delay 100000, 0;
    %vpi_call/w 2 33 "$finish" {0 0};
    %end;
    .thread T_3;
    .scope S_0xf03850;
T_4 ;
    %vpi_call/w 2 37 "$dumpfile", "BCD.vcd" {0 0};
    %vpi_call/w 2 38 "$dumpvars", 1'sb0, S_0xf088c0 {0 0};
    %end;
    .thread T_4;
# The file index is used to find the file name in the following table.
:file_names 4;
    "N/A";
    "<interactive>";
    "testbench.sv";
    "design.sv";
